<?xml version="1.0" encoding="UTF-8"?>
<!-- Generated by org.testng.reporters.JUnitReportReporter -->
<testsuite skipped="0" hostname="DESKTOP-5Q7SKUT" name="com.Sel.Tests.LoginWebAuthTest" tests="1" failures="0" timestamp="16 Mar 2018 07:30:52 GMT" time="2.732" errors="0">
  <testcase name="verifyPageTitle" time="2.732" classname="com.Sel.Tests.LoginWebAuthTest"/>
</testsuite> <!-- com.Sel.Tests.LoginWebAuthTest -->
